<?xml version="1.0" encoding="UTF-8"?>
<!-- Generated by org.testng.reporters.JUnitXMLReporter -->
<testsuite hostname="mkrishnan" ignored="8" name="Default test" tests="1" failures="0" timestamp="29 Mar 2019 09:58:04 GMT" time="41.813" errors="0">
  <testcase name="validateSearchTest" time="5.996" classname="com.avlview.app.testcases.ClientDetailsTest"/>
  <testcase name="TemplateTest" time="0.0" classname="com.avlview.app.testcases.ClientDetailsTest">
    <ignored/>
  </testcase> <!-- TemplateTest -->
  <testcase name="validateSearchExistTest" time="0.0" classname="com.avlview.app.testcases.ClientDetailsTest">
    <ignored/>
  </testcase> <!-- validateSearchExistTest -->
  <testcase name="validateMenuItemsTest" time="0.0" classname="com.avlview.app.testcases.ClientDetailsTest">
    <ignored/>
  </testcase> <!-- validateMenuItemsTest -->
  <testcase name="validateVehicleStatusTest" time="0.0" classname="com.avlview.app.testcases.ClientDetailsTest">
    <ignored/>
  </testcase> <!-- validateVehicleStatusTest -->
  <testcase name="AddVehicleTest" time="0.0" classname="com.avlview.app.testcases.ClientDetailsTest">
    <ignored/>
  </testcase> <!-- AddVehicleTest -->
  <testcase name="validateVehicleCountTest" time="0.0" classname="com.avlview.app.testcases.ClientDetailsTest">
    <ignored/>
  </testcase> <!-- validateVehicleCountTest -->
  <testcase name="validateBackButtonExistTest" time="0.0" classname="com.avlview.app.testcases.ClientDetailsTest">
    <ignored/>
  </testcase> <!-- validateBackButtonExistTest -->
  <testcase name="validateBackButtonClickTest" time="0.0" classname="com.avlview.app.testcases.ClientDetailsTest">
    <ignored/>
  </testcase> <!-- validateBackButtonClickTest -->
</testsuite> <!-- Default test -->
