<?xml version="1.0" encoding="UTF-8"?>
<!-- Generated by org.testng.reporters.JUnitXMLReporter -->
<testsuite hostname="mkrishnan" ignored="4" name="Default test" tests="2" failures="0" timestamp="22 Mar 2019 09:11:20 GMT" time="141.169" errors="0">
  <testcase name="TemplateTest" time="30.971" classname="com.avlview.app.testcases.ClientDetailsTest"/>
  <testcase name="validateVehicleCountTest" time="30.081" classname="com.avlview.app.testcases.ClientDetailsTest">
    <skipped/>
  </testcase> <!-- validateVehicleCountTest -->
  <testcase name="validateMenuItemsTest" time="0.0" classname="com.avlview.app.testcases.ClientDetailsTest">
    <ignored/>
  </testcase> <!-- validateMenuItemsTest -->
  <testcase name="AddVehicleTest" time="0.0" classname="com.avlview.app.testcases.ClientDetailsTest">
    <ignored/>
  </testcase> <!-- AddVehicleTest -->
  <testcase name="validateBackButtonExistTest" time="0.0" classname="com.avlview.app.testcases.ClientDetailsTest">
    <ignored/>
  </testcase> <!-- validateBackButtonExistTest -->
  <testcase name="validateBackButtonClickTest" time="0.0" classname="com.avlview.app.testcases.ClientDetailsTest">
    <ignored/>
  </testcase> <!-- validateBackButtonClickTest -->
</testsuite> <!-- Default test -->
