<?xml version="1.0" encoding="UTF-8"?>
<!-- Generated by org.testng.reporters.JUnitXMLReporter -->
<testsuite hostname="mkrishnan" ignored="4" name="AddClientPageTest" tests="9" failures="0" timestamp="08 Jan 2019 09:46:38 GMT" time="269.023" errors="0">
  <testcase name="NoClientExistTemplateTest" time="30.879" classname="com.avlview.app.testcases.AddClientPageTest">
    <skipped/>
  </testcase> <!-- NoClientExistTemplateTest -->
  <testcase name="NoClientMatchTemplateTest" time="3.459" classname="com.avlview.app.testcases.AddClientPageTest"/>
  <testcase name="ClickAddClientTest" time="1.386" classname="com.avlview.app.testcases.AddClientPageTest"/>
  <testcase name="items25Test" time="6.604" classname="com.avlview.app.testcases.AddClientPageTest"/>
  <testcase name="items50Test" time="7.071" classname="com.avlview.app.testcases.AddClientPageTest"/>
  <testcase name="items100Test" time="6.913" classname="com.avlview.app.testcases.AddClientPageTest"/>
  <testcase name="PaginationTestfor25Items" time="9.537" classname="com.avlview.app.testcases.AddClientPageTest"/>
  <testcase name="PaginationTestfor50Items" time="9.17" classname="com.avlview.app.testcases.AddClientPageTest"/>
  <testcase name="PaginationTestfor100Items" time="9.134" classname="com.avlview.app.testcases.AddClientPageTest"/>
  <testcase name="SearchAddedClientTest" time="0.0" classname="com.avlview.app.testcases.AddClientPageTest">
    <ignored/>
  </testcase> <!-- SearchAddedClientTest -->
  <testcase name="deActivateClientTest" time="0.0" classname="com.avlview.app.testcases.AddClientPageTest">
    <ignored/>
  </testcase> <!-- deActivateClientTest -->
  <testcase name="AddclientTest" time="0.0" classname="com.avlview.app.testcases.AddClientPageTest">
    <ignored/>
  </testcase> <!-- AddclientTest -->
  <testcase name="deactivateSearchTest" time="0.0" classname="com.avlview.app.testcases.AddClientPageTest">
    <ignored/>
  </testcase> <!-- deactivateSearchTest -->
</testsuite> <!-- AddClientPageTest -->
