<?xml version="1.0" encoding="UTF-8"?>
<!-- Generated by org.testng.reporters.JUnitXMLReporter -->
<testsuite hostname="mkrishnan" ignored="6" name="ForgotPasswordPageTest" tests="3" failures="1" timestamp="04 Jan 2019 08:36:54 GMT" time="71.524" errors="0">
  <testcase name="validateForgotPasswordPageExistTest" time="8.788" classname="com.avlview.app.testcases.ForgotPasswordPageTest">
    <skipped/>
  </testcase> <!-- validateForgotPasswordPageExistTest -->
  <testcase name="validateForgotPasswordPageExistTest" time="8.363" classname="com.avlview.app.testcases.ForgotPasswordPageTest">
    <failure type="java.lang.AssertionError" message="expected [Forgot your password1?] but found [Forgot your password?]">
      <![CDATA[java.lang.AssertionError: expected [Forgot your password1?] but found [Forgot your password?]
at com.avlview.app.testcases.ForgotPasswordPageTest.validateForgotPasswordPageExistTest(ForgotPasswordPageTest.java:51)
... Removed 31 stack frames]]>
    </failure>
  </testcase> <!-- validateForgotPasswordPageExistTest -->
  <testcase name="validateInvaliduserClickTest" time="15.967" classname="com.avlview.app.testcases.ForgotPasswordPageTest"/>
  <testcase name="validateNouserClickTest" time="0.0" classname="com.avlview.app.testcases.ForgotPasswordPageTest">
    <ignored/>
  </testcase> <!-- validateNouserClickTest -->
  <testcase name="validateClientLogoExistTest" time="0.0" classname="com.avlview.app.testcases.ForgotPasswordPageTest">
    <ignored/>
  </testcase> <!-- validateClientLogoExistTest -->
  <testcase name="validateBacktoLoginClickTest" time="0.0" classname="com.avlview.app.testcases.ForgotPasswordPageTest">
    <ignored/>
  </testcase> <!-- validateBacktoLoginClickTest -->
  <testcase name="validateBacktoLoginExistTest" time="0.0" classname="com.avlview.app.testcases.ForgotPasswordPageTest">
    <ignored/>
  </testcase> <!-- validateBacktoLoginExistTest -->
  <testcase name="validateApplogoExistTest" time="0.0" classname="com.avlview.app.testcases.ForgotPasswordPageTest">
    <ignored/>
  </testcase> <!-- validateApplogoExistTest -->
  <testcase name="validateValiduserClickTest" time="0.0" classname="com.avlview.app.testcases.ForgotPasswordPageTest">
    <ignored/>
  </testcase> <!-- validateValiduserClickTest -->
</testsuite> <!-- ForgotPasswordPageTest -->
