<?xml version="1.0" encoding="UTF-8"?>
<!-- Generated by org.testng.reporters.JUnitXMLReporter -->
<testsuite hostname="mkrishnan" ignored="0" name="ForgotPasswordPageTest" tests="9" failures="1" timestamp="08 Jan 2019 09:13:39 GMT" time="176.458" errors="0">
  <testcase name="validateForgotPasswordPageExistTest" time="6.437" classname="com.avlview.app.testcases.ForgotPasswordPageTest">
    <skipped/>
  </testcase> <!-- validateForgotPasswordPageExistTest -->
  <testcase name="validateForgotPasswordPageExistTest" time="8.237" classname="com.avlview.app.testcases.ForgotPasswordPageTest">
    <failure type="java.lang.AssertionError" message="expected [Forgot your password1?] but found [Forgot your password?]">
      <![CDATA[java.lang.AssertionError: expected [Forgot your password1?] but found [Forgot your password?]
at com.avlview.app.testcases.ForgotPasswordPageTest.validateForgotPasswordPageExistTest(ForgotPasswordPageTest.java:45)
... Removed 31 stack frames]]>
    </failure>
  </testcase> <!-- validateForgotPasswordPageExistTest -->
  <testcase name="validateClientLogoExistTest" time="2.792" classname="com.avlview.app.testcases.ForgotPasswordPageTest"/>
  <testcase name="validateApplogoExistTest" time="1.954" classname="com.avlview.app.testcases.ForgotPasswordPageTest"/>
  <testcase name="validateBacktoLoginExistTest" time="13.599" classname="com.avlview.app.testcases.ForgotPasswordPageTest"/>
  <testcase name="validateBacktoLoginClickTest" time="6.141" classname="com.avlview.app.testcases.ForgotPasswordPageTest"/>
  <testcase name="validateNouserClickTest" time="7.72" classname="com.avlview.app.testcases.ForgotPasswordPageTest"/>
  <testcase name="validateInvaliduserClickTest" time="17.619" classname="com.avlview.app.testcases.ForgotPasswordPageTest"/>
  <testcase name="validateValiduserClickTest" time="8.25" classname="com.avlview.app.testcases.ForgotPasswordPageTest"/>
</testsuite> <!-- ForgotPasswordPageTest -->
