<?xml version="1.0" encoding="UTF-8"?>
<!-- Generated by org.testng.reporters.JUnitXMLReporter -->
<testsuite hostname="mkrishnan" ignored="6" name="Login Page Test" tests="2" failures="0" timestamp="04 Jan 2019 08:35:43 GMT" time="25.569" errors="0">
  <testcase name="validateLoginPageExistTest" time="0.338" classname="com.avlview.app.testcases.LoginPageTest"/>
  <testcase name="loginclickWithInvaliduser" time="1.135" classname="com.avlview.app.testcases.LoginPageTest"/>
  <testcase name="validateRemembermeExistTest" time="0.0" classname="com.avlview.app.testcases.LoginPageTest">
    <ignored/>
  </testcase> <!-- validateRemembermeExistTest -->
  <testcase name="validateApplogoExistTest" time="0.0" classname="com.avlview.app.testcases.LoginPageTest">
    <ignored/>
  </testcase> <!-- validateApplogoExistTest -->
  <testcase name="validateLanguageExistTest" time="0.0" classname="com.avlview.app.testcases.LoginPageTest">
    <ignored/>
  </testcase> <!-- validateLanguageExistTest -->
  <testcase name="forgotpasswordclick" time="0.0" classname="com.avlview.app.testcases.LoginPageTest">
    <ignored/>
  </testcase> <!-- forgotpasswordclick -->
  <testcase name="loginclick" time="0.0" classname="com.avlview.app.testcases.LoginPageTest">
    <ignored/>
  </testcase> <!-- loginclick -->
  <testcase name="validateClientLogoExistTest" time="0.0" classname="com.avlview.app.testcases.LoginPageTest">
    <ignored/>
  </testcase> <!-- validateClientLogoExistTest -->
</testsuite> <!-- Login Page Test -->
