<?xml version="1.0" encoding="UTF-8"?>
<!-- Generated by org.testng.reporters.JUnitXMLReporter -->
<testsuite hostname="mkrishnan" ignored="4" name="Login Page Test" tests="4" failures="0" timestamp="14 May 2019 08:57:26 GMT" time="96.478" errors="0">
  <testcase name="validateLoginPageExistTest" time="0.251" classname="com.avlview.app.testcases.LoginPageTest"/>
  <testcase name="validateClientLogoExistTest" time="1.565" classname="com.avlview.app.testcases.LoginPageTest"/>
  <testcase name="validateApplogoExistTest" time="0.116" classname="com.avlview.app.testcases.LoginPageTest"/>
  <testcase name="validateRemembermeExistTest" time="0.901" classname="com.avlview.app.testcases.LoginPageTest"/>
  <testcase name="validateLanguageExistTest" time="0.0" classname="com.avlview.app.testcases.LoginPageTest">
    <ignored/>
  </testcase> <!-- validateLanguageExistTest -->
  <testcase name="loginclickWithInvaliduser" time="0.0" classname="com.avlview.app.testcases.LoginPageTest">
    <ignored/>
  </testcase> <!-- loginclickWithInvaliduser -->
  <testcase name="forgotpasswordclick" time="0.0" classname="com.avlview.app.testcases.LoginPageTest">
    <ignored/>
  </testcase> <!-- forgotpasswordclick -->
  <testcase name="loginclick" time="0.0" classname="com.avlview.app.testcases.LoginPageTest">
    <ignored/>
  </testcase> <!-- loginclick -->
</testsuite> <!-- Login Page Test -->
