<?xml version="1.0" encoding="UTF-8"?>
<!-- Generated by org.testng.reporters.JUnitXMLReporter -->
<testsuite hostname="mkrishnan" ignored="1" name="Test" tests="7" failures="0" timestamp="30 May 2019 10:21:20 GMT" time="0.544" errors="0">
  <testcase name="@BeforeMethod setup" time="0.191" classname="com.avlview.app.testcases.LoginPageTest2">
    <failure type="java.lang.NullPointerException">
      <![CDATA[java.lang.NullPointerException
at com.avlview.app.base.TestBaseGridTesting.Initialization(TestBaseGridTesting.java:120)
at com.avlview.app.testcases.LoginPageTest2.setup(LoginPageTest2.java:44)
at java.util.concurrent.ThreadPoolExecutor.runWorker(Unknown Source)
at java.util.concurrent.ThreadPoolExecutor$Worker.run(Unknown Source)
at java.lang.Thread.run(Unknown Source)
... Removed 13 stack frames]]>
    </failure>
  </testcase> <!-- @BeforeMethod setup -->
  <testcase name="@BeforeMethod setup" time="0.197" classname="com.avlview.app.testcases.LoginPageTest2">
    <failure type="java.lang.NullPointerException">
      <![CDATA[java.lang.NullPointerException
at com.avlview.app.base.TestBaseGridTesting.Initialization(TestBaseGridTesting.java:120)
at com.avlview.app.testcases.LoginPageTest2.setup(LoginPageTest2.java:44)
at java.util.concurrent.ThreadPoolExecutor.runWorker(Unknown Source)
at java.util.concurrent.ThreadPoolExecutor$Worker.run(Unknown Source)
at java.lang.Thread.run(Unknown Source)
... Removed 13 stack frames]]>
    </failure>
  </testcase> <!-- @BeforeMethod setup -->
  <testcase name="@BeforeMethod setup" time="0.198" classname="com.avlview.app.testcases.LoginPageTest2">
    <failure type="java.lang.NullPointerException">
      <![CDATA[java.lang.NullPointerException
at com.avlview.app.base.TestBaseGridTesting.Initialization(TestBaseGridTesting.java:120)
at com.avlview.app.testcases.LoginPageTest2.setup(LoginPageTest2.java:44)
at java.util.concurrent.ThreadPoolExecutor.runWorker(Unknown Source)
at java.util.concurrent.ThreadPoolExecutor$Worker.run(Unknown Source)
at java.lang.Thread.run(Unknown Source)
... Removed 13 stack frames]]>
    </failure>
  </testcase> <!-- @BeforeMethod setup -->
  <testcase name="@BeforeMethod setup" time="0.202" classname="com.avlview.app.testcases.LoginPageTest2">
    <failure type="java.lang.NullPointerException">
      <![CDATA[java.lang.NullPointerException
at com.avlview.app.base.TestBaseGridTesting.Initialization(TestBaseGridTesting.java:120)
at com.avlview.app.testcases.LoginPageTest2.setup(LoginPageTest2.java:44)
at java.util.concurrent.ThreadPoolExecutor.runWorker(Unknown Source)
at java.util.concurrent.ThreadPoolExecutor$Worker.run(Unknown Source)
at java.lang.Thread.run(Unknown Source)
... Removed 13 stack frames]]>
    </failure>
  </testcase> <!-- @BeforeMethod setup -->
  <testcase name="@BeforeMethod setup" time="0.203" classname="com.avlview.app.testcases.LoginPageTest2">
    <failure type="java.lang.NullPointerException">
      <![CDATA[java.lang.NullPointerException
at com.avlview.app.base.TestBaseGridTesting.Initialization(TestBaseGridTesting.java:120)
at com.avlview.app.testcases.LoginPageTest2.setup(LoginPageTest2.java:44)
at java.util.concurrent.ThreadPoolExecutor.runWorker(Unknown Source)
at java.util.concurrent.ThreadPoolExecutor$Worker.run(Unknown Source)
at java.lang.Thread.run(Unknown Source)
... Removed 13 stack frames]]>
    </failure>
  </testcase> <!-- @BeforeMethod setup -->
  <testcase name="@BeforeMethod setup" time="0.204" classname="com.avlview.app.testcases.LoginPageTest2">
    <failure type="java.lang.NullPointerException">
      <![CDATA[java.lang.NullPointerException
at com.avlview.app.base.TestBaseGridTesting.Initialization(TestBaseGridTesting.java:120)
at com.avlview.app.testcases.LoginPageTest2.setup(LoginPageTest2.java:44)
at java.util.concurrent.ThreadPoolExecutor.runWorker(Unknown Source)
at java.util.concurrent.ThreadPoolExecutor$Worker.run(Unknown Source)
at java.lang.Thread.run(Unknown Source)
... Removed 13 stack frames]]>
    </failure>
  </testcase> <!-- @BeforeMethod setup -->
  <testcase name="@BeforeMethod setup" time="0.205" classname="com.avlview.app.testcases.LoginPageTest2">
    <failure type="java.lang.NullPointerException">
      <![CDATA[java.lang.NullPointerException
at com.avlview.app.base.TestBaseGridTesting.Initialization(TestBaseGridTesting.java:120)
at com.avlview.app.testcases.LoginPageTest2.setup(LoginPageTest2.java:44)
at java.util.concurrent.ThreadPoolExecutor.runWorker(Unknown Source)
at java.util.concurrent.ThreadPoolExecutor$Worker.run(Unknown Source)
at java.lang.Thread.run(Unknown Source)
... Removed 13 stack frames]]>
    </failure>
  </testcase> <!-- @BeforeMethod setup -->
  <testcase name="@AfterMethod teardown" time="0.0" classname="com.avlview.app.testcases.LoginPageTest2">
    <skipped/>
  </testcase> <!-- @AfterMethod teardown -->
  <testcase name="@AfterMethod teardown" time="0.0" classname="com.avlview.app.testcases.LoginPageTest2">
    <skipped/>
  </testcase> <!-- @AfterMethod teardown -->
  <testcase name="@AfterMethod teardown" time="0.0" classname="com.avlview.app.testcases.LoginPageTest2">
    <skipped/>
  </testcase> <!-- @AfterMethod teardown -->
  <testcase name="@AfterMethod teardown" time="0.0" classname="com.avlview.app.testcases.LoginPageTest2">
    <skipped/>
  </testcase> <!-- @AfterMethod teardown -->
  <testcase name="@AfterMethod teardown" time="0.0" classname="com.avlview.app.testcases.LoginPageTest2">
    <skipped/>
  </testcase> <!-- @AfterMethod teardown -->
  <testcase name="@AfterMethod teardown" time="0.0" classname="com.avlview.app.testcases.LoginPageTest2">
    <skipped/>
  </testcase> <!-- @AfterMethod teardown -->
  <testcase name="@AfterMethod teardown" time="0.0" classname="com.avlview.app.testcases.LoginPageTest2">
    <skipped/>
  </testcase> <!-- @AfterMethod teardown -->
  <testcase name="validateRemembermeExistTest" time="0.0" classname="com.avlview.app.testcases.LoginPageTest2">
    <skipped/>
  </testcase> <!-- validateRemembermeExistTest -->
  <testcase name="validateLanguageExistTest" time="0.0" classname="com.avlview.app.testcases.LoginPageTest2">
    <skipped/>
  </testcase> <!-- validateLanguageExistTest -->
  <testcase name="loginclick" time="0.0" classname="com.avlview.app.testcases.LoginPageTest2">
    <skipped/>
  </testcase> <!-- loginclick -->
  <testcase name="validateClientLogoExistTest" time="0.0" classname="com.avlview.app.testcases.LoginPageTest2">
    <skipped/>
  </testcase> <!-- validateClientLogoExistTest -->
  <testcase name="loginclickWithInvaliduser" time="0.0" classname="com.avlview.app.testcases.LoginPageTest2">
    <skipped/>
  </testcase> <!-- loginclickWithInvaliduser -->
  <testcase name="validateApplogoExistTest" time="0.0" classname="com.avlview.app.testcases.LoginPageTest2">
    <skipped/>
  </testcase> <!-- validateApplogoExistTest -->
  <testcase name="validateLoginPageExistTest" time="0.0" classname="com.avlview.app.testcases.LoginPageTest2">
    <skipped/>
  </testcase> <!-- validateLoginPageExistTest -->
  <testcase name="forgotpasswordclick" time="0.0" classname="com.avlview.app.testcases.LoginPageTest2">
    <ignored/>
  </testcase> <!-- forgotpasswordclick -->
</testsuite> <!-- Test -->
