<?xml version="1.0" encoding="UTF-8"?>
<!-- Generated by org.testng.reporters.JUnitXMLReporter -->
<testsuite hostname="mkrishnan" ignored="4" name="Test" tests="4" failures="0" timestamp="16 May 2019 10:31:15 GMT" time="112.995" errors="0">
  <testcase name="validateLoginPageExistTest" time="0.214" classname="com.avlview.app.testcases.LoginPageTest2"/>
  <testcase name="validateClientLogoExistTest" time="1.428" classname="com.avlview.app.testcases.LoginPageTest2"/>
  <testcase name="validateApplogoExistTest" time="0.118" classname="com.avlview.app.testcases.LoginPageTest2"/>
  <testcase name="validateRemembermeExistTest" time="1.454" classname="com.avlview.app.testcases.LoginPageTest2"/>
  <testcase name="loginclick" time="0.0" classname="com.avlview.app.testcases.LoginPageTest2">
    <ignored/>
  </testcase> <!-- loginclick -->
  <testcase name="forgotpasswordclick" time="0.0" classname="com.avlview.app.testcases.LoginPageTest2">
    <ignored/>
  </testcase> <!-- forgotpasswordclick -->
  <testcase name="validateLanguageExistTest" time="0.0" classname="com.avlview.app.testcases.LoginPageTest2">
    <ignored/>
  </testcase> <!-- validateLanguageExistTest -->
  <testcase name="loginclickWithInvaliduser" time="0.0" classname="com.avlview.app.testcases.LoginPageTest2">
    <ignored/>
  </testcase> <!-- loginclickWithInvaliduser -->
</testsuite> <!-- Test -->
