<?xml version="1.0" encoding="UTF-8"?>
<testng-results skipped="0" failed="0" ignored="8" total="9" passed="1">
  <reporter-output>
  </reporter-output>
  <suite name="Default suite" duration-ms="41813" started-at="2019-03-29T09:57:23Z" finished-at="2019-03-29T09:58:04Z">
    <groups>
    </groups>
    <test name="Default test" duration-ms="41813" started-at="2019-03-29T09:57:23Z" finished-at="2019-03-29T09:58:04Z">
      <class name="com.avlview.app.testcases.ClientDetailsTest">
        <test-method status="PASS" signature="setup()[pri:0, instance:com.avlview.app.testcases.ClientDetailsTest@1cdc6d]" name="setup" is-config="true" duration-ms="34673" started-at="2019-03-29T09:57:23Z" finished-at="2019-03-29T09:57:57Z">
          <reporter-output>
          </reporter-output>
        </test-method> <!-- setup -->
        <test-method status="PASS" signature="validateSearchTest()[pri:8, instance:com.avlview.app.testcases.ClientDetailsTest@1cdc6d]" name="validateSearchTest" duration-ms="5996" started-at="2019-03-29T09:57:57Z" finished-at="2019-03-29T09:58:03Z">
          <reporter-output>
          </reporter-output>
        </test-method> <!-- validateSearchTest -->
        <test-method status="PASS" signature="teardown(org.testng.ITestResult)[pri:0, instance:com.avlview.app.testcases.ClientDetailsTest@1cdc6d]" name="teardown" is-config="true" duration-ms="1081" started-at="2019-03-29T09:58:03Z" finished-at="2019-03-29T09:58:04Z">
          <params>
            <param index="0">
              <value>
                <![CDATA[[TestResult name=validateSearchTest status=SUCCESS method=ClientDetailsTest.validateSearchTest()[pri:8, instance:com.avlview.app.testcases.ClientDetailsTest@1cdc6d] output={null}]]]>
              </value>
            </param>
          </params>
          <reporter-output>
          </reporter-output>
        </test-method> <!-- teardown -->
      </class> <!-- com.avlview.app.testcases.ClientDetailsTest -->
    </test> <!-- Default test -->
  </suite> <!-- Default suite -->
</testng-results>
