<?xml version="1.0" encoding="UTF-8"?>
<testng-results skipped="1" failed="0" ignored="4" total="6" passed="1">
  <reporter-output>
  </reporter-output>
  <suite name="Default suite" duration-ms="141169" started-at="2019-03-22T09:08:59Z" finished-at="2019-03-22T09:11:20Z">
    <groups>
    </groups>
    <test name="Default test" duration-ms="141169" started-at="2019-03-22T09:08:59Z" finished-at="2019-03-22T09:11:20Z">
      <class name="com.avlview.app.testcases.ClientDetailsTest">
        <test-method status="PASS" signature="setup()[pri:0, instance:com.avlview.app.testcases.ClientDetailsTest@e79ae3]" name="setup" is-config="true" duration-ms="34121" started-at="2019-03-22T09:08:59Z" finished-at="2019-03-22T09:09:33Z">
          <reporter-output>
          </reporter-output>
        </test-method> <!-- setup -->
        <test-method status="PASS" signature="TemplateTest()[pri:1, instance:com.avlview.app.testcases.ClientDetailsTest@e79ae3]" name="TemplateTest" duration-ms="30971" started-at="2019-03-22T09:09:33Z" finished-at="2019-03-22T09:10:04Z">
          <reporter-output>
          </reporter-output>
        </test-method> <!-- TemplateTest -->
        <test-method status="PASS" signature="teardown(org.testng.ITestResult)[pri:0, instance:com.avlview.app.testcases.ClientDetailsTest@e79ae3]" name="teardown" is-config="true" duration-ms="1143" started-at="2019-03-22T09:10:04Z" finished-at="2019-03-22T09:10:05Z">
          <params>
            <param index="0">
              <value>
                <![CDATA[[TestResult name=TemplateTest status=SUCCESS method=ClientDetailsTest.TemplateTest()[pri:1, instance:com.avlview.app.testcases.ClientDetailsTest@e79ae3] output={null}]]]>
              </value>
            </param>
          </params>
          <reporter-output>
          </reporter-output>
        </test-method> <!-- teardown -->
        <test-method status="PASS" signature="setup()[pri:0, instance:com.avlview.app.testcases.ClientDetailsTest@e79ae3]" name="setup" is-config="true" duration-ms="43773" started-at="2019-03-22T09:10:05Z" finished-at="2019-03-22T09:10:49Z">
          <reporter-output>
          </reporter-output>
        </test-method> <!-- setup -->
        <test-method status="SKIP" signature="validateVehicleCountTest()[pri:5, instance:com.avlview.app.testcases.ClientDetailsTest@e79ae3]" name="validateVehicleCountTest" duration-ms="30081" started-at="2019-03-22T09:10:49Z" finished-at="2019-03-22T09:11:19Z">
          <exception class="org.testng.SkipException">
            <message>
              <![CDATA[No Vehicle data's are avaialble so skipping the testcase.]]>
            </message>
            <full-stacktrace>
              <![CDATA[org.testng.SkipException: No Vehicle data's are avaialble so skipping the testcase.
at com.avlview.app.pages.ClientDetailsPage.validateTotalVehicleCount(ClientDetailsPage.java:118)
at com.avlview.app.testcases.ClientDetailsTest.validateVehicleCountTest(ClientDetailsTest.java:84)
at sun.reflect.NativeMethodAccessorImpl.invoke0(Native Method)
at sun.reflect.NativeMethodAccessorImpl.invoke(NativeMethodAccessorImpl.java:62)
at sun.reflect.DelegatingMethodAccessorImpl.invoke(DelegatingMethodAccessorImpl.java:43)
at java.lang.reflect.Method.invoke(Method.java:498)
at org.testng.internal.MethodInvocationHelper.invokeMethod(MethodInvocationHelper.java:124)
at org.testng.internal.Invoker.invokeMethod(Invoker.java:583)
at org.testng.internal.Invoker.invokeTestMethod(Invoker.java:719)
at org.testng.internal.Invoker.invokeTestMethods(Invoker.java:989)
at org.testng.internal.TestMethodWorker.invokeTestMethods(TestMethodWorker.java:125)
at org.testng.internal.TestMethodWorker.run(TestMethodWorker.java:109)
at org.testng.TestRunner.privateRun(TestRunner.java:648)
at org.testng.TestRunner.run(TestRunner.java:505)
at org.testng.SuiteRunner.runTest(SuiteRunner.java:455)
at org.testng.SuiteRunner.runSequentially(SuiteRunner.java:450)
at org.testng.SuiteRunner.privateRun(SuiteRunner.java:415)
at org.testng.SuiteRunner.run(SuiteRunner.java:364)
at org.testng.SuiteRunnerWorker.runSuite(SuiteRunnerWorker.java:52)
at org.testng.SuiteRunnerWorker.run(SuiteRunnerWorker.java:84)
at org.testng.TestNG.runSuitesSequentially(TestNG.java:1208)
at org.testng.TestNG.runSuitesLocally(TestNG.java:1137)
at org.testng.TestNG.runSuites(TestNG.java:1049)
at org.testng.TestNG.run(TestNG.java:1017)
at org.testng.remote.AbstractRemoteTestNG.run(AbstractRemoteTestNG.java:114)
at org.testng.remote.RemoteTestNG.initAndRun(RemoteTestNG.java:251)
at org.testng.remote.RemoteTestNG.main(RemoteTestNG.java:77)
]]>
            </full-stacktrace>
          </exception> <!-- org.testng.SkipException -->
          <reporter-output>
          </reporter-output>
        </test-method> <!-- validateVehicleCountTest -->
        <test-method status="PASS" signature="teardown(org.testng.ITestResult)[pri:0, instance:com.avlview.app.testcases.ClientDetailsTest@e79ae3]" name="teardown" is-config="true" duration-ms="1029" started-at="2019-03-22T09:11:19Z" finished-at="2019-03-22T09:11:20Z">
          <params>
            <param index="0">
              <value>
                <![CDATA[[TestResult name=validateVehicleCountTest status=SKIP method=ClientDetailsTest.validateVehicleCountTest()[pri:5, instance:com.avlview.app.testcases.ClientDetailsTest@e79ae3] output={null}]]]>
              </value>
            </param>
          </params>
          <reporter-output>
          </reporter-output>
        </test-method> <!-- teardown -->
      </class> <!-- com.avlview.app.testcases.ClientDetailsTest -->
    </test> <!-- Default test -->
  </suite> <!-- Default suite -->
</testng-results>
